2023.11.20 14:13:07 INFO  Started: Metals version 1.1.0 in folders '/Users/luzm/git/compilerdesign/project/simp_lab3' for client Visual Studio Code 1.84.2.
2023.11.20 14:13:08 WARN  Build server is not auto-connectable.
2023.11.20 14:13:12 WARN  no build target for: /Users/luzm/git/compilerdesign/project/simp_lab3/src/main/scala/sutd/compiler/simp/ir/CFG.scala
2023.11.20 14:13:16 INFO  no build target found for /Users/luzm/git/compilerdesign/project/simp_lab3/src/main/scala/sutd/compiler/simp/ir/CFG.scala. Using presentation compiler with project's scala-library version: 3.3.1
2023.11.20 14:13:16 WARN  no build target for: /Users/luzm/git/compilerdesign/project/simp_lab3/src/main/scala/sutd/compiler/simp/ir/SSA.scala
2023.11.20 14:13:19 INFO  time: code lens generation in 6.66s
2023.11.20 14:13:19 INFO  time: code lens generation in 2.41s
2023.11.20 14:13:19 INFO  time: code lens generation in 2.39s
2023.11.20 14:13:19 WARN  no build target for: /Users/luzm/git/compilerdesign/project/simp_lab3/src/main/scala/sutd/compiler/simp/ir/SSA.scala
Exception in thread "pool-3-thread-1" java.lang.InterruptedException
	at scala.meta.internal.metals.FutureCancelToken.checkCanceled(FutureCancelToken.scala:29)
	at scala.meta.internal.pc.CompilerAccess.onCompilerJobQueue$$anonfun$1(CompilerAccess.scala:230)
	at scala.meta.internal.pc.CompilerJobQueue$Job.run(CompilerJobQueue.scala:152)
	at java.base/java.util.concurrent.ThreadPoolExecutor.runWorker(ThreadPoolExecutor.java:1130)
	at java.base/java.util.concurrent.ThreadPoolExecutor$Worker.run(ThreadPoolExecutor.java:630)
	at java.base/java.lang.Thread.run(Thread.java:832)
Nov 20, 2023 2:13:19 PM org.eclipse.lsp4j.jsonrpc.RemoteEndpoint handleCancellation
WARNING: Unmatched cancel notification for request id 13
Nov 20, 2023 2:13:19 PM org.eclipse.lsp4j.jsonrpc.RemoteEndpoint handleCancellation
WARNING: Unmatched cancel notification for request id 14
2023.11.20 14:18:30 WARN  no build target for: /Users/luzm/git/compilerdesign/project/simp_lab3/src/main/scala/sutd/compiler/simp/ir/SSA.scala
2023.11.20 14:18:56 WARN  no build target for: /Users/luzm/git/compilerdesign/project/simp_lab3/src/main/scala/sutd/compiler/simp/ir/DF.scala
2023.11.20 15:38:33 INFO  Shutting down server
2023.11.20 15:38:33 INFO  shutting down Metals
2023.11.20 15:38:33 INFO  Exiting server
2023.11.27 12:17:33 INFO  Started: Metals version 1.1.0 in folders '/Users/luzm/git/compilerdesign/project/simp_lab3' for client Visual Studio Code 1.84.2.
Nov 27, 2023 12:17:35 PM org.eclipse.lsp4j.jsonrpc.RemoteEndpoint handleCancellation
WARNING: Unmatched cancel notification for request id 1
2023.11.27 12:17:35 WARN  Build server is not auto-connectable.
2023.11.27 12:17:35 WARN  no build target for: /Users/luzm/git/compilerdesign/project/simp_lab3/src/main/scala/sutd/compiler/simp/ir/DF.scala
2023.11.27 12:17:41 INFO  no build target found for /Users/luzm/git/compilerdesign/project/simp_lab3/src/main/scala/sutd/compiler/simp/ir/DF.scala. Using presentation compiler with project's scala-library version: 3.3.1
2023.11.27 12:17:41 WARN  no build target for: /Users/luzm/git/compilerdesign/project/simp_lab3/src/main/scala/sutd/compiler/simp/lattice/CompleteLattice.scala
Nov 27, 2023 12:17:42 PM org.eclipse.lsp4j.jsonrpc.RemoteEndpoint handleCancellation
WARNING: Unmatched cancel notification for request id 9
Nov 27, 2023 12:17:42 PM org.eclipse.lsp4j.jsonrpc.RemoteEndpoint handleCancellation
WARNING: Unmatched cancel notification for request id 6
Nov 27, 2023 12:17:42 PM org.eclipse.lsp4j.jsonrpc.RemoteEndpoint handleCancellation
WARNING: Unmatched cancel notification for request id 4
Nov 27, 2023 12:17:42 PM org.eclipse.lsp4j.jsonrpc.RemoteEndpoint handleCancellation
WARNING: Unmatched cancel notification for request id 27
Nov 27, 2023 12:17:42 PM org.eclipse.lsp4j.jsonrpc.RemoteEndpoint handleCancellation
WARNING: Unmatched cancel notification for request id 28
2023.11.27 12:17:42 WARN  no build target for: /Users/luzm/git/compilerdesign/project/simp_lab3/src/main/scala/sutd/compiler/simp/lattice/CompleteLattice.scala
2023.11.27 12:17:46 INFO  time: code lens generation in 3.63s
2023.11.27 12:17:46 INFO  time: code lens generation in 4.18s
2023.11.27 12:17:46 INFO  time: code lens generation in 4.04s
2023.11.27 12:17:46 INFO  time: code lens generation in 4.05s
2023.11.27 12:17:46 INFO  time: code lens generation in 4.34s
2023.11.27 12:17:46 INFO  time: code lens generation in 4.07s
2023.11.27 12:18:15 INFO  Shutting down server
2023.11.27 12:18:15 INFO  shutting down Metals
2023.11.27 12:18:15 INFO  Exiting server
2024.10.04 08:19:50 INFO  Started: Metals version 1.3.5 in folders '/Users/luzm/git/compilerdesign/project/simp_lab3' for client Visual Studio Code 1.93.1.[0m
Downloading https://repo1.maven.org/maven2/com/h2database/h2/2.1.214/h2-2.1.214.jar
2024.10.04 08:19:52 INFO  Upgraded H2 database.[0m
SLF4J(W): Class path contains multiple SLF4J providers.
SLF4J(W): Found provider [scribe.slf4j.ScribeServiceProvider@11a437f5]
SLF4J(W): Found provider [ch.qos.logback.classic.spi.LogbackServiceProvider@4a2dfc7a]
SLF4J(W): See https://www.slf4j.org/codes.html#multiple_bindings for an explanation.
SLF4J(I): Actual provider is of type [scribe.slf4j.ScribeServiceProvider@11a437f5]
2024.10.04 08:19:52 WARN  Flyway upgrade recommended: H2 2.3.230 is newer than this version of Flyway and support has not been tested. The latest supported version of H2 is 2.2.220.[0m
Oct 04, 2024 8:19:52 AM org.eclipse.lsp4j.jsonrpc.services.GenericEndpoint notify
INFO: Unsupported notification method: $/setTrace
2024.10.04 08:19:52 INFO  no build target found for /Users/luzm/git/compilerdesign/project/simp_lab3/src/main/scala/sutd/compiler/simp/lattice/CompleteLattice.scala. Using presentation compiler with project's scala-library version: 3.3.3[0m
Oct 04, 2024 8:19:52 AM org.eclipse.lsp4j.jsonrpc.services.GenericEndpoint notify
INFO: Unsupported notification method: $/setTrace
2024.10.04 08:19:59 INFO  no build target found for /Users/luzm/git/compilerdesign/project/simp_lab3/src/main/scala/sutd/compiler/simp/ir/MMUpDown.scala. Using presentation compiler with project's scala-library version: 3.3.3[0m
2024.10.04 08:20:06 INFO  no build target found for /Users/luzm/git/compilerdesign/project/simp_lab3/src/main/scala/sutd/compiler/simp/ir/MMUpDown.scala. Using presentation compiler with project's scala-library version: 3.3.3[0m
2024.10.04 08:20:06 INFO  no build target found for /Users/luzm/git/compilerdesign/project/simp_lab3/src/main/scala/sutd/compiler/simp/ir/MMUpDown.scala. Using presentation compiler with project's scala-library version: 3.3.3[0m
2024.10.04 08:20:06 INFO  no build target found for /Users/luzm/git/compilerdesign/project/simp_lab3/src/main/scala/sutd/compiler/simp/ir/MMUpDown.scala. Using presentation compiler with project's scala-library version: 3.3.3[0m
2024.10.04 08:20:07 INFO  no build target found for /Users/luzm/git/compilerdesign/project/simp_lab3/src/main/scala/sutd/compiler/simp/ir/MMUpDown.scala. Using presentation compiler with project's scala-library version: 3.3.3[0m
2024.10.04 08:20:07 INFO  no build target found for /Users/luzm/git/compilerdesign/project/simp_lab3/src/main/scala/sutd/compiler/simp/ir/MMUpDown.scala. Using presentation compiler with project's scala-library version: 3.3.3[0m
2024.10.04 08:20:07 INFO  no build target found for /Users/luzm/git/compilerdesign/project/simp_lab3/src/main/scala/sutd/compiler/simp/ir/MMUpDown.scala. Using presentation compiler with project's scala-library version: 3.3.3[0m
2024.10.04 08:20:07 INFO  no build target found for /Users/luzm/git/compilerdesign/project/simp_lab3/src/main/scala/sutd/compiler/simp/ir/MMUpDown.scala. Using presentation compiler with project's scala-library version: 3.3.3[0m
2024.10.04 08:20:13 INFO  no build target found for /Users/luzm/git/compilerdesign/project/simp_lab3/src/main/scala/sutd/compiler/simp/ir/MMUpDown.scala. Using presentation compiler with project's scala-library version: 3.3.3[0m
2024.10.04 08:20:13 INFO  no build target found for /Users/luzm/git/compilerdesign/project/simp_lab3/src/main/scala/sutd/compiler/simp/ir/MaximalMunch.scala. Using presentation compiler with project's scala-library version: 3.3.3[0m
2024.10.04 08:20:13 INFO  no build target found for /Users/luzm/git/compilerdesign/project/simp_lab3/src/main/scala/sutd/compiler/simp/ir/MaximalMunch.scala. Using presentation compiler with project's scala-library version: 3.3.3[0m
2024.10.04 08:20:16 INFO  no build target found for /Users/luzm/git/compilerdesign/project/simp_lab3/src/main/scala/sutd/compiler/simp/ir/MaximalMunch.scala. Using presentation compiler with project's scala-library version: 3.3.3[0m
2024.10.04 08:20:19 INFO  no build target found for /Users/luzm/git/compilerdesign/project/simp_lab3/src/main/scala/sutd/compiler/simp/ir/MaximalMunch.scala. Using presentation compiler with project's scala-library version: 3.3.3[0m
2024.10.04 08:20:19 INFO  no build target found for /Users/luzm/git/compilerdesign/project/simp_lab3/src/main/scala/sutd/compiler/simp/ir/MaximalMunch.scala. Using presentation compiler with project's scala-library version: 3.3.3[0m
2024.10.04 08:20:19 INFO  no build target found for /Users/luzm/git/compilerdesign/project/simp_lab3/src/main/scala/sutd/compiler/simp/ir/MaximalMunch.scala. Using presentation compiler with project's scala-library version: 3.3.3[0m
2024.10.04 08:20:19 INFO  no build target found for /Users/luzm/git/compilerdesign/project/simp_lab3/src/main/scala/sutd/compiler/simp/ir/MaximalMunch.scala. Using presentation compiler with project's scala-library version: 3.3.3[0m
Oct 04, 2024 8:20:20 AM org.eclipse.lsp4j.jsonrpc.RemoteEndpoint handleCancellation
WARNING: Unmatched cancel notification for request id 91
2024.10.04 08:20:19 INFO  no build target found for /Users/luzm/git/compilerdesign/project/simp_lab3/src/main/scala/sutd/compiler/simp/ir/MaximalMunch.scala. Using presentation compiler with project's scala-library version: 3.3.3[0m
2024.10.04 08:20:19 INFO  no build target found for /Users/luzm/git/compilerdesign/project/simp_lab3/src/main/scala/sutd/compiler/simp/ir/MaximalMunch.scala. Using presentation compiler with project's scala-library version: 3.3.3[0m
2024.10.04 08:20:19 INFO  no build target found for /Users/luzm/git/compilerdesign/project/simp_lab3/src/main/scala/sutd/compiler/simp/ir/MaximalMunch.scala. Using presentation compiler with project's scala-library version: 3.3.3[0m
2024.10.04 08:20:19 INFO  no build target found for /Users/luzm/git/compilerdesign/project/simp_lab3/src/main/scala/sutd/compiler/simp/ir/MaximalMunch.scala. Using presentation compiler with project's scala-library version: 3.3.3[0m
2024.10.04 08:20:19 INFO  no build target found for /Users/luzm/git/compilerdesign/project/simp_lab3/src/main/scala/sutd/compiler/simp/ir/MaximalMunch.scala. Using presentation compiler with project's scala-library version: 3.3.3[0m
2024.10.04 08:20:19 INFO  no build target found for /Users/luzm/git/compilerdesign/project/simp_lab3/src/main/scala/sutd/compiler/simp/ir/MaximalMunch.scala. Using presentation compiler with project's scala-library version: 3.3.3[0m
2024.10.04 08:20:21 INFO  no build target found for /Users/luzm/git/compilerdesign/project/simp_lab3/src/main/scala/sutd/compiler/simp/ir/MaximalMunch.scala. Using presentation compiler with project's scala-library version: 3.3.3[0m
2024.10.04 08:20:21 INFO  no build target found for /Users/luzm/git/compilerdesign/project/simp_lab3/src/main/scala/sutd/compiler/simp/ir/MaximalMunch.scala. Using presentation compiler with project's scala-library version: 3.3.3[0m
2024.10.04 08:20:21 INFO  no build target found for /Users/luzm/git/compilerdesign/project/simp_lab3/src/main/scala/sutd/compiler/simp/ir/MaximalMunch.scala. Using presentation compiler with project's scala-library version: 3.3.3[0m
2024.10.04 08:20:21 INFO  no build target found for /Users/luzm/git/compilerdesign/project/simp_lab3/src/main/scala/sutd/compiler/simp/ir/MaximalMunch.scala. Using presentation compiler with project's scala-library version: 3.3.3[0m
2024.10.04 08:20:21 INFO  no build target found for /Users/luzm/git/compilerdesign/project/simp_lab3/src/main/scala/sutd/compiler/simp/ir/MaximalMunch.scala. Using presentation compiler with project's scala-library version: 3.3.3[0m
2024.10.04 08:20:21 INFO  no build target found for /Users/luzm/git/compilerdesign/project/simp_lab3/src/main/scala/sutd/compiler/simp/ir/MaximalMunch.scala. Using presentation compiler with project's scala-library version: 3.3.3[0m
2024.10.04 08:20:21 INFO  no build target found for /Users/luzm/git/compilerdesign/project/simp_lab3/src/main/scala/sutd/compiler/simp/ir/MaximalMunch.scala. Using presentation compiler with project's scala-library version: 3.3.3[0m
2024.10.04 08:20:21 INFO  no build target found for /Users/luzm/git/compilerdesign/project/simp_lab3/src/main/scala/sutd/compiler/simp/ir/MaximalMunch.scala. Using presentation compiler with project's scala-library version: 3.3.3[0m
2024.10.04 08:20:21 WARN  no build target for: /Users/luzm/git/compilerdesign/project/simp_lab3/src/main/scala/sutd/compiler/simp/ir/MaximalMunch.scala[0m
2024.10.04 08:20:21 INFO  no build target found for /Users/luzm/git/compilerdesign/project/simp_lab3/src/main/scala/sutd/compiler/simp/ir/MaximalMunch.scala. Using presentation compiler with project's scala-library version: 3.3.3[0m
2024.10.04 08:20:22 INFO  no build target found for /Users/luzm/git/compilerdesign/project/simp_lab3/src/main/scala/sutd/compiler/simp/ir/MaximalMunch.scala. Using presentation compiler with project's scala-library version: 3.3.3[0m
Oct 04, 2024 8:50:16 AM org.eclipse.lsp4j.jsonrpc.services.GenericEndpoint notify
INFO: Unsupported notification method: $/setTrace
2024.10.04 08:50:16 INFO  no build target found for /Users/luzm/git/compilerdesign/project/simp_lab3/src/main/scala/sutd/compiler/simp/ir/MaximalMunch.scala. Using presentation compiler with project's scala-library version: 3.3.3[0m
2024.10.04 08:54:52 INFO  no build target found for /Users/luzm/git/compilerdesign/project/simp_lab3/src/main/scala/sutd/compiler/simp/ir/MaximalMunch.scala. Using presentation compiler with project's scala-library version: 3.3.3[0m
2024.10.04 08:55:17 INFO  Shutting down server[0m
2024.10.04 08:55:17 INFO  shutting down Metals[0m
2024.10.04 08:55:17 INFO  Exiting server[0m
2025.11.05 13:58:09 INFO  Started: Metals version 1.6.3 in folders '/home/emfor/compiler/project-cdpa-2025/simp' for client Visual Studio Code 1.105.1.[0m
2025.11.05 13:58:10 WARN  Using H2 2.4.240 which is newer than the version Flyway has been verified with. The latest verified version of H2 is 2.3.232.[0m
2025.11.05 13:58:12 INFO  no build target found for /home/emfor/compiler/project-cdpa-2025/simp/src/main/scala/sutd/compiler/simp/syntax/Lexer.scala. Using presentation compiler with project's scala-library version: 3.3.6[0m
2025.11.05 13:58:12 INFO  no build target found for /home/emfor/compiler/project-cdpa-2025/simp/src/main/scala/sutd/compiler/simp/syntax/Lexer.scala. Using presentation compiler with project's scala-library version: 3.3.6[0m
Nov 05, 2025 1:58:15 PM org.eclipse.lsp4j.jsonrpc.RemoteEndpoint handleCancellation
WARNING: Unmatched cancel notification for request id 1
Nov 05, 2025 1:58:15 PM org.eclipse.lsp4j.jsonrpc.RemoteEndpoint handleCancellation
WARNING: Unmatched cancel notification for request id 4
Nov 05, 2025 1:58:15 PM org.eclipse.lsp4j.jsonrpc.RemoteEndpoint handleCancellation
WARNING: Unmatched cancel notification for request id 2
2025.11.05 13:58:15 INFO  no build target found for /home/emfor/compiler/project-cdpa-2025/simp/src/main/scala/sutd/compiler/simp/syntax/Lexer.scala. Using presentation compiler with project's scala-library version: 3.3.6[0m
2025.11.05 13:58:15 INFO  no build target found for /home/emfor/compiler/project-cdpa-2025/simp/src/main/scala/sutd/compiler/simp/syntax/Parsec.scala. Using presentation compiler with project's scala-library version: 3.3.6[0m
2025.11.05 13:58:15 INFO  no build target found for /home/emfor/compiler/project-cdpa-2025/simp/src/main/scala/sutd/compiler/simp/syntax/Parsec.scala. Using presentation compiler with project's scala-library version: 3.3.6[0m
Nov 05, 2025 1:58:15 PM org.eclipse.lsp4j.jsonrpc.RemoteEndpoint handleCancellation
WARNING: Unmatched cancel notification for request id 11
2025.11.05 13:58:17 INFO  no build target found for /home/emfor/compiler/project-cdpa-2025/simp/src/main/scala/sutd/compiler/simp/syntax/Parsec.scala. Using presentation compiler with project's scala-library version: 3.3.6[0m
2025.11.05 13:58:23 INFO  no build target found for /home/emfor/compiler/project-cdpa-2025/simp/src/main/scala/sutd/compiler/simp/syntax/Parsec.scala. Using presentation compiler with project's scala-library version: 3.3.6[0m
2025.11.05 13:58:23 INFO  no build target found for /home/emfor/compiler/project-cdpa-2025/simp/src/main/scala/sutd/compiler/simp/syntax/Parsec.scala. Using presentation compiler with project's scala-library version: 3.3.6[0m
2025.11.05 13:58:26 INFO  no build target found for /home/emfor/compiler/project-cdpa-2025/simp/src/main/scala/sutd/compiler/simp/syntax/Parsec.scala. Using presentation compiler with project's scala-library version: 3.3.6[0m
2025.11.05 13:58:26 INFO  no build target found for /home/emfor/compiler/project-cdpa-2025/simp/src/main/scala/sutd/compiler/simp/syntax/Parser.scala. Using presentation compiler with project's scala-library version: 3.3.6[0m
2025.11.05 13:58:26 INFO  no build target found for /home/emfor/compiler/project-cdpa-2025/simp/src/main/scala/sutd/compiler/simp/syntax/Parser.scala. Using presentation compiler with project's scala-library version: 3.3.6[0m
2025.11.05 13:58:26 INFO  no build target found for /home/emfor/compiler/project-cdpa-2025/simp/src/main/scala/sutd/compiler/simp/syntax/Parser.scala. Using presentation compiler with project's scala-library version: 3.3.6[0m
2025.11.05 13:58:27 INFO  no build target found for /home/emfor/compiler/project-cdpa-2025/simp/src/main/scala/sutd/compiler/simp/syntax/Parser.scala. Using presentation compiler with project's scala-library version: 3.3.6[0m
2025.11.05 13:58:27 INFO  no build target found for /home/emfor/compiler/project-cdpa-2025/simp/src/main/scala/sutd/compiler/simp/syntax/Parser.scala. Using presentation compiler with project's scala-library version: 3.3.6[0m
2025.11.05 13:58:27 INFO  no build target found for /home/emfor/compiler/project-cdpa-2025/simp/src/main/scala/sutd/compiler/simp/syntax/Parser.scala. Using presentation compiler with project's scala-library version: 3.3.6[0m
2025.11.05 13:58:27 INFO  no build target found for /home/emfor/compiler/project-cdpa-2025/simp/src/main/scala/sutd/compiler/simp/syntax/Parser.scala. Using presentation compiler with project's scala-library version: 3.3.6[0m
2025.11.05 13:58:27 INFO  no build target found for /home/emfor/compiler/project-cdpa-2025/simp/src/main/scala/sutd/compiler/simp/syntax/Parser.scala. Using presentation compiler with project's scala-library version: 3.3.6[0m
2025.11.05 13:58:27 INFO  no build target found for /home/emfor/compiler/project-cdpa-2025/simp/src/main/scala/sutd/compiler/simp/syntax/Parser.scala. Using presentation compiler with project's scala-library version: 3.3.6[0m
2025.11.05 13:58:28 INFO  no build target found for /home/emfor/compiler/project-cdpa-2025/simp/src/main/scala/sutd/compiler/simp/syntax/Parser.scala. Using presentation compiler with project's scala-library version: 3.3.6[0m
2025.11.05 13:58:29 INFO  no build target found for /home/emfor/compiler/project-cdpa-2025/simp/src/main/scala/sutd/compiler/simp/syntax/Parser.scala. Using presentation compiler with project's scala-library version: 3.3.6[0m
2025.11.05 13:58:31 INFO  no build target found for /home/emfor/compiler/project-cdpa-2025/simp/src/main/scala/sutd/compiler/simp/syntax/Parser.scala. Using presentation compiler with project's scala-library version: 3.3.6[0m
2025.11.05 13:58:31 INFO  no build target found for /home/emfor/compiler/project-cdpa-2025/simp/src/main/scala/sutd/compiler/simp/syntax/Parser.scala. Using presentation compiler with project's scala-library version: 3.3.6[0m
2025.11.05 13:58:33 INFO  no build target found for /home/emfor/compiler/project-cdpa-2025/simp/src/main/scala/sutd/compiler/simp/syntax/Parser.scala. Using presentation compiler with project's scala-library version: 3.3.6[0m
2025.11.05 13:58:34 INFO  no build target found for /home/emfor/compiler/project-cdpa-2025/simp/src/main/scala/sutd/compiler/simp/syntax/Parser.scala. Using presentation compiler with project's scala-library version: 3.3.6[0m
2025.11.05 13:58:34 INFO  no build target found for /home/emfor/compiler/project-cdpa-2025/simp/src/main/scala/sutd/compiler/simp/syntax/Parser.scala. Using presentation compiler with project's scala-library version: 3.3.6[0m
2025.11.05 13:58:36 INFO  no build target found for /home/emfor/compiler/project-cdpa-2025/simp/src/main/scala/sutd/compiler/simp/syntax/Parser.scala. Using presentation compiler with project's scala-library version: 3.3.6[0m
2025.11.05 13:58:36 INFO  no build target found for /home/emfor/compiler/project-cdpa-2025/simp/src/main/scala/sutd/compiler/simp/syntax/Parser.scala. Using presentation compiler with project's scala-library version: 3.3.6[0m
2025.11.05 13:58:36 INFO  no build target found for /home/emfor/compiler/project-cdpa-2025/simp/src/main/scala/sutd/compiler/simp/syntax/Parser.scala. Using presentation compiler with project's scala-library version: 3.3.6[0m
2025.11.05 13:58:37 INFO  no build target found for /home/emfor/compiler/project-cdpa-2025/simp/src/main/scala/sutd/compiler/simp/syntax/Parser.scala. Using presentation compiler with project's scala-library version: 3.3.6[0m
2025.11.05 13:58:37 INFO  no build target found for /home/emfor/compiler/project-cdpa-2025/simp/src/main/scala/sutd/compiler/simp/syntax/Parser.scala. Using presentation compiler with project's scala-library version: 3.3.6[0m
2025.11.05 13:58:37 INFO  no build target found for /home/emfor/compiler/project-cdpa-2025/simp/src/main/scala/sutd/compiler/simp/syntax/Parser.scala. Using presentation compiler with project's scala-library version: 3.3.6[0m
2025.11.05 13:58:38 INFO  no build target found for /home/emfor/compiler/project-cdpa-2025/simp/src/main/scala/sutd/compiler/simp/syntax/Parser.scala. Using presentation compiler with project's scala-library version: 3.3.6[0m
2025.11.05 13:58:40 ERROR scalafmt: /home/emfor/compiler/project-cdpa-2025/simp/src/main/scala/sutd/compiler/simp/syntax/Parser.scala:44: error: [dialect scala213] ; expected but = found
    given penvParserEnv: ParserEnv[PEnv, LToken] = new ParserEnv[PEnv, LToken] {
                                                 ^[0m
2025.11.05 13:58:40 INFO  no build target found for /home/emfor/compiler/project-cdpa-2025/simp/src/main/scala/sutd/compiler/simp/syntax/Parser.scala. Using presentation compiler with project's scala-library version: 3.3.6[0m
2025.11.05 13:58:40 WARN  no build target for: /home/emfor/compiler/project-cdpa-2025/simp/src/main/scala/sutd/compiler/simp/syntax/Parser.scala[0m
2025.11.05 13:58:40 INFO  no build target found for /home/emfor/compiler/project-cdpa-2025/simp/src/main/scala/sutd/compiler/simp/syntax/Parser.scala. Using presentation compiler with project's scala-library version: 3.3.6[0m
2025.11.05 13:58:48 ERROR scalafmt: /home/emfor/compiler/project-cdpa-2025/simp/src/main/scala/sutd/compiler/simp/syntax/Parser.scala:44: error: [dialect scala213] ; expected but = found
    given penvParserEnv: ParserEnv[PEnv, LToken] = new ParserEnv[PEnv, LToken] {
                                                 ^[0m
2025.11.05 13:58:48 INFO  no build target found for /home/emfor/compiler/project-cdpa-2025/simp/src/main/scala/sutd/compiler/simp/syntax/Parser.scala. Using presentation compiler with project's scala-library version: 3.3.6[0m
2025.11.05 13:58:48 WARN  no build target for: /home/emfor/compiler/project-cdpa-2025/simp/src/main/scala/sutd/compiler/simp/syntax/Parser.scala[0m
2025.11.05 13:58:48 INFO  no build target found for /home/emfor/compiler/project-cdpa-2025/simp/src/main/scala/sutd/compiler/simp/syntax/Parser.scala. Using presentation compiler with project's scala-library version: 3.3.6[0m
2025.11.05 13:58:48 INFO  no build target found for /home/emfor/compiler/project-cdpa-2025/simp/src/main/scala/sutd/compiler/simp/syntax/Parser.scala. Using presentation compiler with project's scala-library version: 3.3.6[0m
2025.11.05 13:58:48 INFO  no build target found for /home/emfor/compiler/project-cdpa-2025/simp/src/main/scala/sutd/compiler/simp/syntax/Parser.scala. Using presentation compiler with project's scala-library version: 3.3.6[0m
2025.11.05 13:58:48 ERROR scalafmt: /home/emfor/compiler/project-cdpa-2025/simp/src/main/scala/sutd/compiler/simp/syntax/Parser.scala:44: error: [dialect scala213] ; expected but = found
    given penvParserEnv: ParserEnv[PEnv, LToken] = new ParserEnv[PEnv, LToken] {
                                                 ^[0m
2025.11.05 13:58:48 INFO  no build target found for /home/emfor/compiler/project-cdpa-2025/simp/src/main/scala/sutd/compiler/simp/syntax/Parser.scala. Using presentation compiler with project's scala-library version: 3.3.6[0m
2025.11.05 13:58:49 WARN  no build target for: /home/emfor/compiler/project-cdpa-2025/simp/src/main/scala/sutd/compiler/simp/syntax/Parser.scala[0m
2025.11.05 13:58:49 INFO  no build target found for /home/emfor/compiler/project-cdpa-2025/simp/src/main/scala/sutd/compiler/simp/syntax/Parser.scala. Using presentation compiler with project's scala-library version: 3.3.6[0m
2025.11.05 13:58:50 INFO  no build target found for /home/emfor/compiler/project-cdpa-2025/simp/src/main/scala/sutd/compiler/simp/syntax/Parser.scala. Using presentation compiler with project's scala-library version: 3.3.6[0m
2025.11.05 13:58:50 INFO  no build target found for /home/emfor/compiler/project-cdpa-2025/simp/src/main/scala/sutd/compiler/simp/syntax/Parser.scala. Using presentation compiler with project's scala-library version: 3.3.6[0m
2025.11.05 13:58:51 INFO  no build target found for /home/emfor/compiler/project-cdpa-2025/simp/src/main/scala/sutd/compiler/simp/syntax/Parser.scala. Using presentation compiler with project's scala-library version: 3.3.6[0m
Nov 05, 2025 1:58:54 PM org.eclipse.lsp4j.jsonrpc.services.GenericEndpoint notify
INFO: Unsupported notification method: $/setTrace
Nov 05, 2025 1:58:55 PM org.eclipse.lsp4j.jsonrpc.services.GenericEndpoint notify
INFO: Unsupported notification method: $/setTrace
2025.11.05 13:58:58 INFO  no build target found for /home/emfor/compiler/project-cdpa-2025/simp/src/main/scala/sutd/compiler/simp/syntax/Parser.scala. Using presentation compiler with project's scala-library version: 3.3.6[0m
2025.11.05 13:59:04 INFO  no build target found for /home/emfor/compiler/project-cdpa-2025/simp/src/main/scala/sutd/compiler/simp/syntax/Parser.scala. Using presentation compiler with project's scala-library version: 3.3.6[0m
2025.11.05 13:59:04 INFO  no build target found for /home/emfor/compiler/project-cdpa-2025/simp/src/main/scala/sutd/compiler/simp/syntax/Parser.scala. Using presentation compiler with project's scala-library version: 3.3.6[0m
2025.11.05 13:59:04 INFO  no build target found for /home/emfor/compiler/project-cdpa-2025/simp/src/main/scala/sutd/compiler/simp/syntax/Parser.scala. Using presentation compiler with project's scala-library version: 3.3.6[0m
2025.11.05 13:59:04 INFO  no build target found for /home/emfor/compiler/project-cdpa-2025/simp/src/main/scala/sutd/compiler/simp/syntax/Parser.scala. Using presentation compiler with project's scala-library version: 3.3.6[0m
2025.11.05 13:59:07 INFO  no build target found for /home/emfor/compiler/project-cdpa-2025/simp/src/main/scala/sutd/compiler/simp/syntax/Parser.scala. Using presentation compiler with project's scala-library version: 3.3.6[0m
2025.11.05 13:59:07 INFO  no build target found for /home/emfor/compiler/project-cdpa-2025/simp/src/main/scala/sutd/compiler/simp/syntax/Parser.scala. Using presentation compiler with project's scala-library version: 3.3.6[0m
2025.11.05 13:59:07 INFO  no build target found for /home/emfor/compiler/project-cdpa-2025/simp/src/main/scala/sutd/compiler/simp/syntax/Parser.scala. Using presentation compiler with project's scala-library version: 3.3.6[0m
2025.11.05 13:59:07 INFO  no build target found for /home/emfor/compiler/project-cdpa-2025/simp/src/main/scala/sutd/compiler/simp/syntax/Parser.scala. Using presentation compiler with project's scala-library version: 3.3.6[0m
2025.11.05 13:59:07 INFO  no build target found for /home/emfor/compiler/project-cdpa-2025/simp/src/main/scala/sutd/compiler/simp/syntax/Parser.scala. Using presentation compiler with project's scala-library version: 3.3.6[0m
2025.11.05 13:59:07 INFO  no build target found for /home/emfor/compiler/project-cdpa-2025/simp/src/main/scala/sutd/compiler/simp/syntax/Parser.scala. Using presentation compiler with project's scala-library version: 3.3.6[0m
2025.11.05 13:59:07 INFO  no build target found for /home/emfor/compiler/project-cdpa-2025/simp/src/main/scala/sutd/compiler/simp/syntax/Parser.scala. Using presentation compiler with project's scala-library version: 3.3.6[0m
2025.11.05 13:59:07 INFO  no build target found for /home/emfor/compiler/project-cdpa-2025/simp/src/main/scala/sutd/compiler/simp/syntax/Parser.scala. Using presentation compiler with project's scala-library version: 3.3.6[0m
2025.11.05 13:59:07 INFO  no build target found for /home/emfor/compiler/project-cdpa-2025/simp/src/main/scala/sutd/compiler/simp/syntax/Parser.scala. Using presentation compiler with project's scala-library version: 3.3.6[0m
2025.11.05 13:59:07 INFO  no build target found for /home/emfor/compiler/project-cdpa-2025/simp/src/main/scala/sutd/compiler/simp/syntax/Parser.scala. Using presentation compiler with project's scala-library version: 3.3.6[0m
2025.11.05 13:59:07 INFO  no build target found for /home/emfor/compiler/project-cdpa-2025/simp/src/main/scala/sutd/compiler/simp/syntax/Parser.scala. Using presentation compiler with project's scala-library version: 3.3.6[0m
2025.11.05 13:59:08 INFO  no build target found for /home/emfor/compiler/project-cdpa-2025/simp/src/main/scala/sutd/compiler/simp/syntax/Parser.scala. Using presentation compiler with project's scala-library version: 3.3.6[0m
2025.11.05 13:59:09 INFO  no build target found for /home/emfor/compiler/project-cdpa-2025/simp/src/main/scala/sutd/compiler/simp/syntax/Parser.scala. Using presentation compiler with project's scala-library version: 3.3.6[0m
2025.11.05 13:59:09 INFO  no build target found for /home/emfor/compiler/project-cdpa-2025/simp/src/main/scala/sutd/compiler/simp/syntax/Parser.scala. Using presentation compiler with project's scala-library version: 3.3.6[0m
2025.11.05 13:59:09 INFO  no build target found for /home/emfor/compiler/project-cdpa-2025/simp/src/main/scala/sutd/compiler/simp/syntax/Parser.scala. Using presentation compiler with project's scala-library version: 3.3.6[0m
2025.11.05 13:59:09 INFO  no build target found for /home/emfor/compiler/project-cdpa-2025/simp/src/main/scala/sutd/compiler/simp/syntax/Parser.scala. Using presentation compiler with project's scala-library version: 3.3.6[0m
2025.11.05 13:59:09 ERROR scalafmt: /home/emfor/compiler/project-cdpa-2025/simp/src/main/scala/sutd/compiler/simp/syntax/Parser.scala:44: error: [dialect scala213] ; expected but = found
    given penvParserEnv: ParserEnv[PEnv, LToken] = new ParserEnv[PEnv, LToken] {
                                                 ^[0m
2025.11.05 13:59:09 WARN  no build target for: /home/emfor/compiler/project-cdpa-2025/simp/src/main/scala/sutd/compiler/simp/syntax/Parser.scala[0m
2025.11.05 13:59:09 INFO  no build target found for /home/emfor/compiler/project-cdpa-2025/simp/src/main/scala/sutd/compiler/simp/syntax/Parser.scala. Using presentation compiler with project's scala-library version: 3.3.6[0m
2025.11.05 13:59:09 INFO  no build target found for /home/emfor/compiler/project-cdpa-2025/simp/src/main/scala/sutd/compiler/simp/syntax/Parser.scala. Using presentation compiler with project's scala-library version: 3.3.6[0m
2025.11.05 13:59:16 INFO  no build target found for /home/emfor/compiler/project-cdpa-2025/simp/src/main/scala/sutd/compiler/simp/syntax/Parser.scala. Using presentation compiler with project's scala-library version: 3.3.6[0m
2025.11.05 13:59:16 INFO  no build target found for /home/emfor/compiler/project-cdpa-2025/simp/src/main/scala/sutd/compiler/simp/syntax/Parser.scala. Using presentation compiler with project's scala-library version: 3.3.6[0m
2025.11.05 13:59:18 INFO  no build target found for /home/emfor/compiler/project-cdpa-2025/simp/src/main/scala/sutd/compiler/simp/syntax/Parser.scala. Using presentation compiler with project's scala-library version: 3.3.6[0m
2025.11.05 13:59:22 INFO  no build target found for /home/emfor/compiler/project-cdpa-2025/simp/src/main/scala/sutd/compiler/simp/syntax/Parser.scala. Using presentation compiler with project's scala-library version: 3.3.6[0m
2025.11.05 13:59:22 ERROR scalafmt: /home/emfor/compiler/project-cdpa-2025/simp/src/main/scala/sutd/compiler/simp/syntax/Parser.scala:44: error: [dialect scala213] ; expected but = found
    given penvParserEnv: ParserEnv[PEnv, LToken] = new ParserEnv[PEnv, LToken] {
                                                 ^[0m
2025.11.05 13:59:22 WARN  no build target for: /home/emfor/compiler/project-cdpa-2025/simp/src/main/scala/sutd/compiler/simp/syntax/Parser.scala[0m
2025.11.05 13:59:22 INFO  no build target found for /home/emfor/compiler/project-cdpa-2025/simp/src/main/scala/sutd/compiler/simp/syntax/Parser.scala. Using presentation compiler with project's scala-library version: 3.3.6[0m
2025.11.05 13:59:35 INFO  no build target found for /home/emfor/compiler/project-cdpa-2025/simp/src/main/scala/sutd/compiler/simp/syntax/Parser.scala. Using presentation compiler with project's scala-library version: 3.3.6[0m
2025.11.05 13:59:35 INFO  no build target found for /home/emfor/compiler/project-cdpa-2025/simp/src/main/scala/sutd/compiler/simp/syntax/Parser.scala. Using presentation compiler with project's scala-library version: 3.3.6[0m
2025.11.05 13:59:46 INFO  no build target found for /home/emfor/compiler/project-cdpa-2025/simp/src/main/scala/sutd/compiler/simp/syntax/Parser.scala. Using presentation compiler with project's scala-library version: 3.3.6[0m
2025.11.05 13:59:50 INFO  no build target found for /home/emfor/compiler/project-cdpa-2025/simp/src/main/scala/sutd/compiler/simp/syntax/Parser.scala. Using presentation compiler with project's scala-library version: 3.3.6[0m
2025.11.05 13:59:52 INFO  no build target found for /home/emfor/compiler/project-cdpa-2025/simp/src/main/scala/sutd/compiler/simp/syntax/Parser.scala. Using presentation compiler with project's scala-library version: 3.3.6[0m
2025.11.05 13:59:52 INFO  no build target found for /home/emfor/compiler/project-cdpa-2025/simp/src/main/scala/sutd/compiler/simp/syntax/Parser.scala. Using presentation compiler with project's scala-library version: 3.3.6[0m
2025.11.05 13:59:52 INFO  no build target found for /home/emfor/compiler/project-cdpa-2025/simp/src/main/scala/sutd/compiler/simp/syntax/Parser.scala. Using presentation compiler with project's scala-library version: 3.3.6[0m
2025.11.05 13:59:52 INFO  no build target found for /home/emfor/compiler/project-cdpa-2025/simp/src/main/scala/sutd/compiler/simp/syntax/Parser.scala. Using presentation compiler with project's scala-library version: 3.3.6[0m
2025.11.05 13:59:52 INFO  no build target found for /home/emfor/compiler/project-cdpa-2025/simp/src/main/scala/sutd/compiler/simp/syntax/Parser.scala. Using presentation compiler with project's scala-library version: 3.3.6[0m
2025.11.05 13:59:52 INFO  no build target found for /home/emfor/compiler/project-cdpa-2025/simp/src/main/scala/sutd/compiler/simp/syntax/Parser.scala. Using presentation compiler with project's scala-library version: 3.3.6[0m
2025.11.05 13:59:52 INFO  no build target found for /home/emfor/compiler/project-cdpa-2025/simp/src/main/scala/sutd/compiler/simp/syntax/Parser.scala. Using presentation compiler with project's scala-library version: 3.3.6[0m
2025.11.05 13:59:52 INFO  no build target found for /home/emfor/compiler/project-cdpa-2025/simp/src/main/scala/sutd/compiler/simp/syntax/Parser.scala. Using presentation compiler with project's scala-library version: 3.3.6[0m
2025.11.05 13:59:52 INFO  no build target found for /home/emfor/compiler/project-cdpa-2025/simp/src/main/scala/sutd/compiler/simp/syntax/Parser.scala. Using presentation compiler with project's scala-library version: 3.3.6[0m
2025.11.05 13:59:52 INFO  no build target found for /home/emfor/compiler/project-cdpa-2025/simp/src/main/scala/sutd/compiler/simp/syntax/Parser.scala. Using presentation compiler with project's scala-library version: 3.3.6[0m
2025.11.05 13:59:52 INFO  no build target found for /home/emfor/compiler/project-cdpa-2025/simp/src/main/scala/sutd/compiler/simp/syntax/Parser.scala. Using presentation compiler with project's scala-library version: 3.3.6[0m
2025.11.05 13:59:52 INFO  no build target found for /home/emfor/compiler/project-cdpa-2025/simp/src/main/scala/sutd/compiler/simp/syntax/Parser.scala. Using presentation compiler with project's scala-library version: 3.3.6[0m
2025.11.05 13:59:53 INFO  no build target found for /home/emfor/compiler/project-cdpa-2025/simp/src/main/scala/sutd/compiler/simp/syntax/Parser.scala. Using presentation compiler with project's scala-library version: 3.3.6[0m
2025.11.05 13:59:54 INFO  no build target found for /home/emfor/compiler/project-cdpa-2025/simp/src/main/scala/sutd/compiler/simp/syntax/Parser.scala. Using presentation compiler with project's scala-library version: 3.3.6[0m
2025.11.05 13:59:54 INFO  no build target found for /home/emfor/compiler/project-cdpa-2025/simp/src/main/scala/sutd/compiler/simp/syntax/Parser.scala. Using presentation compiler with project's scala-library version: 3.3.6[0m
2025.11.05 13:59:54 INFO  no build target found for /home/emfor/compiler/project-cdpa-2025/simp/src/main/scala/sutd/compiler/simp/syntax/Parser.scala. Using presentation compiler with project's scala-library version: 3.3.6[0m
2025.11.05 13:59:55 INFO  no build target found for /home/emfor/compiler/project-cdpa-2025/simp/src/main/scala/sutd/compiler/simp/syntax/Parser.scala. Using presentation compiler with project's scala-library version: 3.3.6[0m
2025.11.05 13:59:55 ERROR scalafmt: /home/emfor/compiler/project-cdpa-2025/simp/src/main/scala/sutd/compiler/simp/syntax/Parser.scala:44: error: [dialect scala213] ; expected but = found
    given penvParserEnv: ParserEnv[PEnv, LToken] = new ParserEnv[PEnv, LToken] {
                                                 ^[0m
2025.11.05 13:59:55 WARN  no build target for: /home/emfor/compiler/project-cdpa-2025/simp/src/main/scala/sutd/compiler/simp/syntax/Parser.scala[0m
2025.11.05 13:59:55 INFO  no build target found for /home/emfor/compiler/project-cdpa-2025/simp/src/main/scala/sutd/compiler/simp/syntax/Parser.scala. Using presentation compiler with project's scala-library version: 3.3.6[0m
2025.11.05 13:59:57 INFO  Shutting down server[0m
2025.11.05 13:59:57 INFO  shutting down Metals[0m
2025.11.05 13:59:57 INFO  Exiting server[0m
2025.11.05 14:00:20 INFO  Started: Metals version 1.6.3 in folders '/home/emfor/compiler/project-cdpa-2025/simp' for client Visual Studio Code 1.105.1.[0m
2025.11.05 14:00:21 WARN  Using H2 2.4.240 which is newer than the version Flyway has been verified with. The latest verified version of H2 is 2.3.232.[0m
2025.11.05 14:00:22 INFO  no build target found for /home/emfor/compiler/project-cdpa-2025/simp/src/main/scala/sutd/compiler/simp/syntax/Parser.scala. Using presentation compiler with project's scala-library version: 3.3.6[0m
2025.11.05 14:02:25 INFO  Shutting down server[0m
2025.11.05 14:02:25 INFO  shutting down Metals[0m
2025.11.05 14:02:26 ERROR Unexpected error initializing server: 
org.eclipse.lsp4j.jsonrpc.ResponseErrorException: Request window/showMessageRequest failed with message: Canceled
	at org.eclipse.lsp4j.jsonrpc.RemoteEndpoint.handleResponse(RemoteEndpoint.java:220)
	at org.eclipse.lsp4j.jsonrpc.RemoteEndpoint.consume(RemoteEndpoint.java:204)
	at org.eclipse.lsp4j.jsonrpc.json.StreamMessageProducer.handleMessage(StreamMessageProducer.java:185)
	at org.eclipse.lsp4j.jsonrpc.json.StreamMessageProducer.listen(StreamMessageProducer.java:97)
	at org.eclipse.lsp4j.jsonrpc.json.ConcurrentMessageProcessor.run(ConcurrentMessageProcessor.java:114)
	at java.util.concurrent.Executors$RunnableAdapter.call(Executors.java:539)
	at java.util.concurrent.FutureTask.run(FutureTask.java:264)
	at java.util.concurrent.ThreadPoolExecutor.runWorker(ThreadPoolExecutor.java:1136)
	at java.util.concurrent.ThreadPoolExecutor$Worker.run(ThreadPoolExecutor.java:635)
	at java.lang.Thread.run(Thread.java:840)
[0m
2025.11.05 14:02:25 INFO  Exiting server[0m
2025.11.05 14:03:13 INFO  Started: Metals version 1.6.3 in folders '/home/emfor/compiler/project-cdpa-2025/simp' for client Visual Studio Code 1.105.1.[0m
2025.11.05 14:03:14 WARN  Using H2 2.4.240 which is newer than the version Flyway has been verified with. The latest verified version of H2 is 2.3.232.[0m
2025.11.05 14:03:15 INFO  no build target found for /home/emfor/compiler/project-cdpa-2025/simp/src/main/scala/sutd/compiler/simp/syntax/Parser.scala. Using presentation compiler with project's scala-library version: 3.3.6[0m
2025.11.05 14:03:18 INFO  running '/home/emfor/.local/share/coursier/bin/sbt -Dbloop.export-jar-classifiers=sources bloopInstall'[0m
2025.11.05 14:03:18 WARN  no build target for: /home/emfor/compiler/project-cdpa-2025/simp/project/metals.sbt[0m
2025.11.05 14:03:18 INFO  no build target found for /home/emfor/compiler/project-cdpa-2025/simp/project/metals.sbt. Using presentation compiler with project's scala-library version: 3.3.6[0m
2025.11.05 14:03:18 WARN  no build target for: /home/emfor/compiler/project-cdpa-2025/simp/project/project/metals.sbt[0m
2025.11.05 14:03:18 INFO  no build target found for /home/emfor/compiler/project-cdpa-2025/simp/project/project/metals.sbt. Using presentation compiler with project's scala-library version: 3.3.6[0m
2025.11.05 14:03:20 INFO  [info] welcome to sbt 1.11.7 (Ubuntu Java 17.0.16)[0m
2025.11.05 14:03:22 INFO  no build target found for /home/emfor/compiler/project-cdpa-2025/simp/src/main/scala/sutd/compiler/simp/syntax/Parser.scala. Using presentation compiler with project's scala-library version: 3.3.6[0m
2025.11.05 14:03:24 INFO  [info] loading settings for project simp-build-build-build from metals.sbt...[0m
2025.11.05 14:03:24 INFO  [info] loading project definition from /home/emfor/compiler/project-cdpa-2025/simp/project/project/project[0m
2025.11.05 14:03:27 INFO  [info] loading settings for project simp-build-build from metals.sbt...[0m
2025.11.05 14:03:27 INFO  [info] loading project definition from /home/emfor/compiler/project-cdpa-2025/simp/project/project[0m
2025.11.05 14:03:30 INFO  [success] Generated .bloop/simp-build-build.json[0m
2025.11.05 14:03:30 INFO  [success] Total time: 2 s, completed Nov 5, 2025, 2:03:30 PM[0m
2025.11.05 14:03:31 INFO  [info] loading settings for project simp-build from metals.sbt, plugins.sbt...[0m
2025.11.05 14:03:31 INFO  [info] loading project definition from /home/emfor/compiler/project-cdpa-2025/simp/project[0m
2025.11.05 14:03:33 INFO  [success] Generated .bloop/simp-build.json[0m
2025.11.05 14:03:33 INFO  [success] Total time: 2 s, completed Nov 5, 2025, 2:03:33 PM[0m
2025.11.05 14:03:36 INFO  [info] loading settings for project simp from build.sbt...[0m
2025.11.05 14:03:36 INFO  [info] set current project to simp (in build file:/home/emfor/compiler/project-cdpa-2025/simp/)[0m
2025.11.05 14:03:36 INFO  [success] Generated .bloop/simp.json[0m
2025.11.05 14:03:36 INFO  [success] Generated .bloop/simp-test.json[0m
2025.11.05 14:03:36 INFO  [success] Total time: 1 s, completed Nov 5, 2025, 2:03:37 PM[0m
2025.11.05 14:03:38 INFO  time: ran 'sbt bloopInstall' in 19s[0m
2025.11.05 14:03:38 INFO  Attempting to connect to the build server...[0m
2025.11.05 14:03:38 INFO  Found a Bloop server running[0m
2025.11.05 14:03:38 INFO  tracing is disabled for protocol BSP, to enable tracing of incoming and outgoing JSON messages create an empty file at /home/emfor/compiler/project-cdpa-2025/simp/.metals/bsp.trace.json or /home/emfor/.cache/metals/bsp.trace.json[0m
2025.11.05 14:03:38 INFO  Attempting to connect to the build server...[0m
2025.11.05 14:03:38 INFO  Found a Bloop server running[0m
2025.11.05 14:03:38 INFO  Attempting to connect to the build server...[0m
2025.11.05 14:03:38 INFO  Found a Bloop server running[0m
2025.11.05 14:03:38 INFO  tracing is disabled for protocol BSP, to enable tracing of incoming and outgoing JSON messages create an empty file at /home/emfor/compiler/project-cdpa-2025/simp/project/project/.metals/bsp.trace.json or /home/emfor/.cache/metals/bsp.trace.json[0m
2025.11.05 14:03:38 INFO  tracing is disabled for protocol BSP, to enable tracing of incoming and outgoing JSON messages create an empty file at /home/emfor/compiler/project-cdpa-2025/simp/project/.metals/bsp.trace.json or /home/emfor/.cache/metals/bsp.trace.json[0m
2025.11.05 14:03:38 INFO  time: Connected to build server in 0.42s[0m
2025.11.05 14:03:38 INFO  Connected to Build server: Bloop v2.0.16[0m
2025.11.05 14:03:36 INFO  Required scalafmt dialect rewrite to 'scala3'. Directories:
- src/test/scala
- src/main/scala[0m
2025.11.05 14:03:40 WARN  Using H2 2.4.240 which is newer than the version Flyway has been verified with. The latest verified version of H2 is 2.3.232.[0m
2025.11.05 14:03:50 INFO  time: indexed workspace in 14s[0m
2025.11.05 14:03:51 INFO  compiling simp (29 scala sources)[0m
2025.11.05 14:03:51 WARN  Option -Yresolve-term-conflict is deprecated: Use -Xresolve-term-conflict instead.[0m
Option -Yresolve-term-conflict is deprecated: Use -Xresolve-term-conflict instead.
2025.11.05 14:03:58 INFO  compiling simp-test (12 scala sources)[0m
2025.11.05 14:03:58 WARN  Option -Yresolve-term-conflict is deprecated: Use -Xresolve-term-conflict instead.[0m
2025.11.05 14:03:58 INFO  time: compiled simp in 7.29s[0m
2025.11.05 14:04:01 INFO  time: compiled simp-test in 3.53s[0m
Option -Yresolve-term-conflict is deprecated: Use -Xresolve-term-conflict instead.
2025.11.05 14:04:33 ERROR scalafmt: /home/emfor/compiler/project-cdpa-2025/simp/src/main/scala/sutd/compiler/simp/syntax/Parser.scala:44: error: [dialect scala213] ; expected but = found
    given penvParserEnv: ParserEnv[PEnv, LToken] = new ParserEnv[PEnv, LToken] {
                                                 ^[0m
2025.11.05 14:04:36 ERROR scalafmt: /home/emfor/compiler/project-cdpa-2025/simp/src/main/scala/sutd/compiler/simp/syntax/Parser.scala:44: error: [dialect scala213] ; expected but = found
    given penvParserEnv: ParserEnv[PEnv, LToken] = new ParserEnv[PEnv, LToken] {
                                                 ^[0m
2025.11.05 14:04:37 INFO  compiling simp (1 scala source)[0m
2025.11.05 14:04:37 WARN  Option -Yresolve-term-conflict is deprecated: Use -Xresolve-term-conflict instead.[0m
2025.11.05 14:04:37 INFO  time: compiled simp in 0.76s[0m
Option -Yresolve-term-conflict is deprecated: Use -Xresolve-term-conflict instead.
2025.11.05 14:04:36 ERROR scalafmt: /home/emfor/compiler/project-cdpa-2025/simp/src/main/scala/sutd/compiler/simp/syntax/Parser.scala:44: error: [dialect scala213] ; expected but = found
    given penvParserEnv: ParserEnv[PEnv, LToken] = new ParserEnv[PEnv, LToken] {
                                                 ^[0m
2025.11.05 14:04:37 INFO  compiling simp (1 scala source)[0m
2025.11.05 14:04:37 WARN  Option -Yresolve-term-conflict is deprecated: Use -Xresolve-term-conflict instead.[0m
2025.11.05 14:04:37 INFO  time: compiled simp in 0.82s[0m
Option -Yresolve-term-conflict is deprecated: Use -Xresolve-term-conflict instead.
Nov 05, 2025 2:04:42 PM org.eclipse.lsp4j.jsonrpc.RemoteEndpoint handleCancellation
WARNING: Unmatched cancel notification for request id 53
2025.11.05 14:04:44 INFO  compiling simp (1 scala source)[0m
2025.11.05 14:04:44 WARN  Option -Yresolve-term-conflict is deprecated: Use -Xresolve-term-conflict instead.[0m
2025.11.05 14:04:44 INFO  time: compiled simp in 0.78s[0m
Option -Yresolve-term-conflict is deprecated: Use -Xresolve-term-conflict instead.
